-------------------------------------------------------------------------------
Test set: edu.nu.owaspapivulnlab.AdditionalSecurityExpectationsTests
-------------------------------------------------------------------------------
Tests run: 5, Failures: 4, Errors: 0, Skipped: 0, Time elapsed: 6.201 s <<< FAILURE! -- in edu.nu.owaspapivulnlab.AdditionalSecurityExpectationsTests
edu.nu.owaspapivulnlab.AdditionalSecurityExpectationsTests.jwt_must_be_valid_and_aud_iss_checked -- Time elapsed: 0.803 s <<< FAILURE!
java.lang.AssertionError: Status expected:<401> but was:<200>
	at org.springframework.test.util.AssertionErrors.fail(AssertionErrors.java:59)
	at org.springframework.test.util.AssertionErrors.assertEquals(AssertionErrors.java:122)
	at org.springframework.test.web.servlet.result.StatusResultMatchers.lambda$matcher$9(StatusResultMatchers.java:637)
	at org.springframework.test.web.servlet.MockMvc$1.andExpect(MockMvc.java:214)
	at edu.nu.owaspapivulnlab.AdditionalSecurityExpectationsTests.jwt_must_be_valid_and_aud_iss_checked(AdditionalSecurityExpectationsTests.java:62)
	at java.base/java.lang.reflect.Method.invoke(Method.java:569)
	at java.base/java.util.ArrayList.forEach(ArrayList.java:1511)
	at java.base/java.util.ArrayList.forEach(ArrayList.java:1511)

edu.nu.owaspapivulnlab.AdditionalSecurityExpectationsTests.protected_endpoints_require_authentication -- Time elapsed: 0.006 s <<< FAILURE!
java.lang.AssertionError: Status expected:<401> but was:<403>
	at org.springframework.test.util.AssertionErrors.fail(AssertionErrors.java:59)
	at org.springframework.test.util.AssertionErrors.assertEquals(AssertionErrors.java:122)
	at org.springframework.test.web.servlet.result.StatusResultMatchers.lambda$matcher$9(StatusResultMatchers.java:637)
	at org.springframework.test.web.servlet.MockMvc$1.andExpect(MockMvc.java:214)
	at edu.nu.owaspapivulnlab.AdditionalSecurityExpectationsTests.protected_endpoints_require_authentication(AdditionalSecurityExpectationsTests.java:36)
	at java.base/java.lang.reflect.Method.invoke(Method.java:569)
	at java.base/java.util.ArrayList.forEach(ArrayList.java:1511)
	at java.base/java.util.ArrayList.forEach(ArrayList.java:1511)

edu.nu.owaspapivulnlab.AdditionalSecurityExpectationsTests.account_owner_only_access -- Time elapsed: 0.008 s <<< FAILURE!
java.lang.AssertionError: Status expected:<200> but was:<429>
	at org.springframework.test.util.AssertionErrors.fail(AssertionErrors.java:59)
	at org.springframework.test.util.AssertionErrors.assertEquals(AssertionErrors.java:122)
	at org.springframework.test.web.servlet.result.StatusResultMatchers.lambda$matcher$9(StatusResultMatchers.java:637)
	at org.springframework.test.web.servlet.MockMvc$1.andExpect(MockMvc.java:214)
	at edu.nu.owaspapivulnlab.AdditionalSecurityExpectationsTests.login(AdditionalSecurityExpectationsTests.java:26)
	at edu.nu.owaspapivulnlab.AdditionalSecurityExpectationsTests.account_owner_only_access(AdditionalSecurityExpectationsTests.java:67)
	at java.base/java.lang.reflect.Method.invoke(Method.java:569)
	at java.base/java.util.ArrayList.forEach(ArrayList.java:1511)
	at java.base/java.util.ArrayList.forEach(ArrayList.java:1511)

edu.nu.owaspapivulnlab.AdditionalSecurityExpectationsTests.create_user_does_not_allow_role_escalation -- Time elapsed: 0.009 s <<< FAILURE!
java.lang.AssertionError: Status expected:<201> but was:<429>
	at org.springframework.test.util.AssertionErrors.fail(AssertionErrors.java:59)
	at org.springframework.test.util.AssertionErrors.assertEquals(AssertionErrors.java:122)
	at org.springframework.test.web.servlet.result.StatusResultMatchers.lambda$matcher$9(StatusResultMatchers.java:637)
	at org.springframework.test.web.servlet.MockMvc$1.andExpect(MockMvc.java:214)
	at edu.nu.owaspapivulnlab.AdditionalSecurityExpectationsTests.create_user_does_not_allow_role_escalation(AdditionalSecurityExpectationsTests.java:51)
	at java.base/java.lang.reflect.Method.invoke(Method.java:569)
	at java.base/java.util.ArrayList.forEach(ArrayList.java:1511)
	at java.base/java.util.ArrayList.forEach(ArrayList.java:1511)

